<?xml version="1.0" encoding="UTF-8"?>
<!-- Generated by org.testng.reporters.JUnitReportReporter -->
<testsuite hostname="Questfoxy" failures="0" tests="1" name="interview.API" time="2382.345" errors="0" timestamp="2024-02-22T13:22:57 EST" skipped="0">
  <testcase classname="interview.API" name="main" time="2382.345"/>
  <system-out/>
</testsuite> <!-- interview.API -->
