<?xml version="1.0" encoding="UTF-8"?>
<!-- Generated by org.testng.reporters.JUnitReportReporter -->
<testsuite hostname="Chau_Thai" failures="0" tests="1" name="interview.Testing" time="0.036" errors="0" timestamp="2023-12-27T09:58:54 EST" skipped="0">
  <testcase classname="interview.Testing" name="test1" time="0.036"/>
  <system-out/>
</testsuite> <!-- interview.Testing -->
