<?xml version="1.0" encoding="UTF-8"?>
<!-- Generated by org.testng.reporters.JUnitReportReporter -->
<testsuite hostname="Questfoxy" failures="0" tests="1" name="interview.APITesting" time="2.677" errors="0" timestamp="2024-02-23T22:58:10 EST" skipped="0">
  <testcase classname="interview.APITesting" name="submitGetExpense" time="2.677"/>
  <system-out/>
</testsuite> <!-- interview.APITesting -->
